C:\Program Files (x86)\Microsoft Visual Studio\2017\Community\Common7\IDE\VC\VCTargets\Microsoft.CppBuild.targets(387,5): warning MSB8028: 中間ディレクトリ (Debug\) に別のプロジェクト (AncientGear.vcxproj) と共有されているファイルが含まれています。これにより、クリーンしてリビルド動作が適切に行われない可能性があります。
  Quad.cpp
c:\gitproject\colossusbreaker\source\quad\quad.cpp : warning C4819: ファイルは、現在のコード ページ (932) で表示できない文字を含んでいます。データの損失を防ぐために、ファイルを Unicode 形式で保存してください。
c:\gitproject\colossusbreaker\source\quad\quad.h : warning C4819: ファイルは、現在のコード ページ (932) で表示できない文字を含んでいます。データの損失を防ぐために、ファイルを Unicode 形式で保存してください。
c:\gitproject\colossusbreaker\source\quad\vertex.h : warning C4819: ファイルは、現在のコード ページ (932) で表示できない文字を含んでいます。データの損失を防ぐために、ファイルを Unicode 形式で保存してください。
c:\gitproject\colossusbreaker\source\quad\quad.cpp(56): error C2065: 'rad': 定義されていない識別子です。
c:\gitproject\colossusbreaker\source\quad\quad.cpp(59): error C2065: 'tmpQ': 定義されていない識別子です。
c:\gitproject\colossusbreaker\source\quad\quad.cpp(59): error C2228: '.tl' の左側はクラス、構造体、共用体でなければなりません
  c:\gitproject\colossusbreaker\source\quad\quad.cpp(59): note: 型は 'unknown-type' です。
c:\gitproject\colossusbreaker\source\quad\quad.cpp(59): error C2065: 'rad': 定義されていない識別子です。
c:\gitproject\colossusbreaker\source\quad\quad.cpp(60): error C2065: 'rad': 定義されていない識別子です。
c:\gitproject\colossusbreaker\source\quad\quad.cpp(61): error C2065: 'tmpQ': 定義されていない識別子です。
c:\gitproject\colossusbreaker\source\quad\quad.cpp(61): error C2228: '.tr' の左側はクラス、構造体、共用体でなければなりません
  c:\gitproject\colossusbreaker\source\quad\quad.cpp(61): note: 型は 'unknown-type' です。
c:\gitproject\colossusbreaker\source\quad\quad.cpp(61): error C2065: 'rad': 定義されていない識別子です。
c:\gitproject\colossusbreaker\source\quad\quad.cpp(62): error C2065: 'rad': 定義されていない識別子です。
c:\gitproject\colossusbreaker\source\quad\quad.cpp(63): error C2065: 'tmpQ': 定義されていない識別子です。
c:\gitproject\colossusbreaker\source\quad\quad.cpp(63): error C2228: '.bl' の左側はクラス、構造体、共用体でなければなりません
  c:\gitproject\colossusbreaker\source\quad\quad.cpp(63): note: 型は 'unknown-type' です。
c:\gitproject\colossusbreaker\source\quad\quad.cpp(63): error C2065: 'rad': 定義されていない識別子です。
c:\gitproject\colossusbreaker\source\quad\quad.cpp(64): error C2065: 'rad': 定義されていない識別子です。
c:\gitproject\colossusbreaker\source\quad\quad.cpp(65): error C2065: 'tmpQ': 定義されていない識別子です。
c:\gitproject\colossusbreaker\source\quad\quad.cpp(65): error C2228: '.br' の左側はクラス、構造体、共用体でなければなりません
  c:\gitproject\colossusbreaker\source\quad\quad.cpp(65): note: 型は 'unknown-type' です。
c:\gitproject\colossusbreaker\source\quad\quad.cpp(65): error C2065: 'rad': 定義されていない識別子です。
c:\gitproject\colossusbreaker\source\quad\quad.cpp(66): error C2065: 'rad': 定義されていない識別子です。
c:\gitproject\colossusbreaker\source\quad\quad.cpp(69): error C2065: 'rad': 定義されていない識別子です。
c:\gitproject\colossusbreaker\source\quad\quad.cpp(70): error C2065: 'rad': 定義されていない識別子です。
c:\gitproject\colossusbreaker\source\quad\quad.cpp(72): error C2065: 'tmpQ': 定義されていない識別子です。
c:\gitproject\colossusbreaker\source\quad\quad.cpp(72): error C2228: '.tl' の左側はクラス、構造体、共用体でなければなりません
  c:\gitproject\colossusbreaker\source\quad\quad.cpp(72): note: 型は 'unknown-type' です。
c:\gitproject\colossusbreaker\source\quad\quad.cpp(72): error C2228: '.x' の左側はクラス、構造体、共用体でなければなりません
c:\gitproject\colossusbreaker\source\quad\quad.cpp(72): error C2228: '.tr' の左側はクラス、構造体、共用体でなければなりません
  c:\gitproject\colossusbreaker\source\quad\quad.cpp(72): note: 型は 'unknown-type' です。
c:\gitproject\colossusbreaker\source\quad\quad.cpp(73): error C2065: 'tmpQ': 定義されていない識別子です。
c:\gitproject\colossusbreaker\source\quad\quad.cpp(73): error C2228: '.tl' の左側はクラス、構造体、共用体でなければなりません
  c:\gitproject\colossusbreaker\source\quad\quad.cpp(73): note: 型は 'unknown-type' です。
c:\gitproject\colossusbreaker\source\quad\quad.cpp(73): error C2228: '.y' の左側はクラス、構造体、共用体でなければなりません
c:\gitproject\colossusbreaker\source\quad\quad.cpp(73): error C2228: '.bl' の左側はクラス、構造体、共用体でなければなりません
  c:\gitproject\colossusbreaker\source\quad\quad.cpp(73): note: 型は 'unknown-type' です。
  コードを生成中...
  スキップ中... (関連する変更は検出されませんでした)
  Scene.cpp
  DebugPrint.cpp
  ssplayer_matrix.cpp
  ssplayer_PartState.cpp
  Parameter.cpp
  Input.cpp
  Controller.cpp
  E1.cpp
