c:\gitproject\colossusbreaker\debug\vc141.pdb
c:\gitproject\colossusbreaker\debug\vc141.idb
c:\gitproject\colossusbreaker\debug\animationcontroller.obj
c:\gitproject\colossusbreaker\debug\enemy.obj
c:\gitproject\colossusbreaker\debug\e1.obj
c:\gitproject\colossusbreaker\debug\controller.obj
c:\gitproject\colossusbreaker\debug\input.obj
c:\gitproject\colossusbreaker\debug\main.obj
c:\gitproject\colossusbreaker\debug\parameter.obj
c:\gitproject\colossusbreaker\debug\player.obj
c:\gitproject\colossusbreaker\debug\quad.obj
c:\gitproject\colossusbreaker\debug\vertex.obj
c:\gitproject\colossusbreaker\debug\battlescene.obj
c:\gitproject\colossusbreaker\debug\scene.obj
c:\gitproject\colossusbreaker\debug\ssplayer_effect.obj
c:\gitproject\colossusbreaker\debug\ssplayer_effect2.obj
c:\gitproject\colossusbreaker\debug\ssplayer_effectfunction.obj
c:\gitproject\colossusbreaker\debug\ssplayer_matrix.obj
c:\gitproject\colossusbreaker\debug\ssplayer_partstate.obj
c:\gitproject\colossusbreaker\debug\debugprint.obj
c:\gitproject\colossusbreaker\debug\ss5player.obj
c:\gitproject\colossusbreaker\debug\ss5playerplatform.obj
c:\gitproject\colossusbreaker\debug\application.obj
c:\gitproject\colossusbreaker\debug\camera.obj
c:\gitproject\colossusbreaker\debug\colossusbreaker.exe
c:\gitproject\colossusbreaker\debug\colossusbreaker.tlog\cl.command.1.tlog
c:\gitproject\colossusbreaker\debug\colossusbreaker.tlog\cl.read.1.tlog
c:\gitproject\colossusbreaker\debug\colossusbreaker.tlog\cl.write.1.tlog
c:\gitproject\colossusbreaker\debug\colossusbreaker.tlog\link.command.1.tlog
c:\gitproject\colossusbreaker\debug\colossusbreaker.tlog\link.read.1.tlog
c:\gitproject\colossusbreaker\debug\colossusbreaker.tlog\link.write.1.tlog
