c:\gitproject\colossusbreaker\release\ancientgear.ipdb
c:\gitproject\colossusbreaker\release\ancientgear.iobj
c:\gitproject\colossusbreaker\release\vc141.pdb
c:\gitproject\colossusbreaker\release\debugprint.obj
c:\gitproject\colossusbreaker\release\ssplayer_partstate.obj
c:\gitproject\colossusbreaker\release\ssplayer_matrix.obj
c:\gitproject\colossusbreaker\release\ssplayer_effectfunction.obj
c:\gitproject\colossusbreaker\release\ssplayer_effect2.obj
c:\gitproject\colossusbreaker\release\ssplayer_effect.obj
c:\gitproject\colossusbreaker\release\scene.obj
c:\gitproject\colossusbreaker\release\battlescene.obj
c:\gitproject\colossusbreaker\release\vertex.obj
c:\gitproject\colossusbreaker\release\quad.obj
c:\gitproject\colossusbreaker\release\player.obj
c:\gitproject\colossusbreaker\release\parameter.obj
c:\gitproject\colossusbreaker\release\main.obj
c:\gitproject\colossusbreaker\release\input.obj
c:\gitproject\colossusbreaker\release\controller.obj
c:\gitproject\colossusbreaker\release\e1.obj
c:\gitproject\colossusbreaker\release\enemy.obj
c:\gitproject\colossusbreaker\release\animationcontroller.obj
c:\gitproject\colossusbreaker\release\camera.obj
c:\gitproject\colossusbreaker\release\application.obj
c:\gitproject\colossusbreaker\release\ss5playerplatform.obj
c:\gitproject\colossusbreaker\release\ss5player.obj
c:\gitproject\colossusbreaker\release\ancientgear.exe
c:\gitproject\colossusbreaker\release\ancientgear.pdb
c:\gitproject\colossusbreaker\release\ancientgear.tlog\ancientgear.write.1u.tlog
c:\gitproject\colossusbreaker\release\ancientgear.tlog\cl.command.1.tlog
c:\gitproject\colossusbreaker\release\ancientgear.tlog\cl.read.1.tlog
c:\gitproject\colossusbreaker\release\ancientgear.tlog\cl.write.1.tlog
c:\gitproject\colossusbreaker\release\ancientgear.tlog\link.command.1.tlog
c:\gitproject\colossusbreaker\release\ancientgear.tlog\link.read.1.tlog
c:\gitproject\colossusbreaker\release\ancientgear.tlog\link.write.1.tlog
