  Application.cpp
c:\gitproject\colossusbreaker\source\ssplayer\common\loader\../Animator/ssplayer_cellmap.h(13): warning C4099: 'ss::SsCell': タイプ名は最初 'class' として使われていましたが 'struct' として使われています。
  c:\gitproject\colossusbreaker\source\ssplayer\common\loader\../Animator/ssplayer_cellmap.h(12): note: 'ss::SsCell' の宣言を確認してください
c:\gitproject\colossusbreaker\source\ssplayer\common\animator\ssplayer_effect.h(144): warning C4244: '=': 'double' から 'float' への変換です。データが失われる可能性があります。
c:\gitproject\colossusbreaker\source\ssplayer\common\animator\ssplayer_effect2.h(23): warning C4099: 'ss::SsPartState': タイプ名は最初 'struct' として使われていましたが 'class' として使われています。
  c:\gitproject\colossusbreaker\source\ssplayer\common\animator\ssplayer_effect.h(19): note: 'ss::SsPartState' の宣言を確認してください
c:\gitproject\colossusbreaker\source\ssplayer\common\animator\ssplayer_effect2.h(25): warning C4099: 'ss::SsCell': タイプ名は最初 'struct' として使われていましたが 'class' として使われています。
  c:\gitproject\colossusbreaker\source\ssplayer\common\loader\../Animator/ssplayer_cellmap.h(13): note: 'ss::SsCell' の宣言を確認してください
c:\gitproject\colossusbreaker\source\ssplayer\../Quad/Quad.h : warning C4819: ファイルは、現在のコード ページ (932) で表示できない文字を含んでいます。データの損失を防ぐために、ファイルを Unicode 形式で保存してください。
c:\gitproject\colossusbreaker\source\scene\../Player/Player.h(17): warning C4244: 'return': 'float' から 'int' への変換です。データが失われる可能性があります。
  Camera.cpp
c:\gitproject\colossusbreaker\source\ssplayer\common\loader\../Animator/ssplayer_cellmap.h(13): warning C4099: 'ss::SsCell': タイプ名は最初 'class' として使われていましたが 'struct' として使われています。
  c:\gitproject\colossusbreaker\source\ssplayer\common\loader\../Animator/ssplayer_cellmap.h(12): note: 'ss::SsCell' の宣言を確認してください
c:\gitproject\colossusbreaker\source\ssplayer\common\animator\ssplayer_effect.h(144): warning C4244: '=': 'double' から 'float' への変換です。データが失われる可能性があります。
c:\gitproject\colossusbreaker\source\ssplayer\common\animator\ssplayer_effect2.h(23): warning C4099: 'ss::SsPartState': タイプ名は最初 'struct' として使われていましたが 'class' として使われています。
  c:\gitproject\colossusbreaker\source\ssplayer\common\animator\ssplayer_effect.h(19): note: 'ss::SsPartState' の宣言を確認してください
c:\gitproject\colossusbreaker\source\ssplayer\common\animator\ssplayer_effect2.h(25): warning C4099: 'ss::SsCell': タイプ名は最初 'struct' として使われていましたが 'class' として使われています。
  c:\gitproject\colossusbreaker\source\ssplayer\common\loader\../Animator/ssplayer_cellmap.h(13): note: 'ss::SsCell' の宣言を確認してください
c:\gitproject\colossusbreaker\source\ssplayer\../Quad/Quad.h : warning C4819: ファイルは、現在のコード ページ (932) で表示できない文字を含んでいます。データの損失を防ぐために、ファイルを Unicode 形式で保存してください。
c:\gitproject\colossusbreaker\source\camera\../Player/Player.h(17): warning C4244: 'return': 'float' から 'int' への変換です。データが失われる可能性があります。
c:\gitproject\colossusbreaker\source\camera\Camera.h(20): warning C4244: 'return': 'float' から 'int' への変換です。データが失われる可能性があります。
c:\gitproject\colossusbreaker\source\camera\Camera.h(21): warning C4244: 'return': 'float' から 'int' への変換です。データが失われる可能性があります。
  AnimationController.cpp
c:\gitproject\colossusbreaker\source\ssplayer\common\loader\../Animator/ssplayer_cellmap.h(13): warning C4099: 'ss::SsCell': タイプ名は最初 'class' として使われていましたが 'struct' として使われています。
  c:\gitproject\colossusbreaker\source\ssplayer\common\loader\../Animator/ssplayer_cellmap.h(12): note: 'ss::SsCell' の宣言を確認してください
c:\gitproject\colossusbreaker\source\ssplayer\common\animator\ssplayer_effect.h(144): warning C4244: '=': 'double' から 'float' への変換です。データが失われる可能性があります。
c:\gitproject\colossusbreaker\source\ssplayer\common\animator\ssplayer_effect2.h(23): warning C4099: 'ss::SsPartState': タイプ名は最初 'struct' として使われていましたが 'class' として使われています。
  c:\gitproject\colossusbreaker\source\ssplayer\common\animator\ssplayer_effect.h(19): note: 'ss::SsPartState' の宣言を確認してください
c:\gitproject\colossusbreaker\source\ssplayer\common\animator\ssplayer_effect2.h(25): warning C4099: 'ss::SsCell': タイプ名は最初 'struct' として使われていましたが 'class' として使われています。
  c:\gitproject\colossusbreaker\source\ssplayer\common\loader\../Animator/ssplayer_cellmap.h(13): note: 'ss::SsCell' の宣言を確認してください
c:\gitproject\colossusbreaker\source\ssplayer\../Quad/Quad.h : warning C4819: ファイルは、現在のコード ページ (932) で表示できない文字を含んでいます。データの損失を防ぐために、ファイルを Unicode 形式で保存してください。
c:\gitproject\colossusbreaker\source\camera\../Player/Player.h(17): warning C4244: 'return': 'float' から 'int' への変換です。データが失われる可能性があります。
c:\gitproject\colossusbreaker\source\effekseer\../Camera/Camera.h(20): warning C4244: 'return': 'float' から 'int' への変換です。データが失われる可能性があります。
c:\gitproject\colossusbreaker\source\effekseer\../Camera/Camera.h(21): warning C4244: 'return': 'float' から 'int' への変換です。データが失われる可能性があります。
source\Effekseer\AnimationController.cpp(40): warning C4018: '<': signed と unsigned の数値を比較しようとしました。
source\Effekseer\AnimationController.cpp(51): warning C4018: '<': signed と unsigned の数値を比較しようとしました。
source\Effekseer\AnimationController.cpp(64): warning C4018: '<': signed と unsigned の数値を比較しようとしました。
source\Effekseer\AnimationController.cpp(90): warning C4018: '<': signed と unsigned の数値を比較しようとしました。
source\Effekseer\AnimationController.cpp(122): warning C4018: '<': signed と unsigned の数値を比較しようとしました。
source\Effekseer\AnimationController.cpp(154): warning C4018: '<': signed と unsigned の数値を比較しようとしました。
source\Effekseer\AnimationController.cpp(186): warning C4018: '<': signed と unsigned の数値を比較しようとしました。
source\Effekseer\AnimationController.cpp(218): warning C4018: '<': signed と unsigned の数値を比較しようとしました。
  Bullet.cpp
c:\gitproject\colossusbreaker\source\ssplayer\common\loader\../Animator/ssplayer_cellmap.h(13): warning C4099: 'ss::SsCell': タイプ名は最初 'class' として使われていましたが 'struct' として使われています。
  c:\gitproject\colossusbreaker\source\ssplayer\common\loader\../Animator/ssplayer_cellmap.h(12): note: 'ss::SsCell' の宣言を確認してください
c:\gitproject\colossusbreaker\source\ssplayer\common\animator\ssplayer_effect.h(144): warning C4244: '=': 'double' から 'float' への変換です。データが失われる可能性があります。
c:\gitproject\colossusbreaker\source\ssplayer\common\animator\ssplayer_effect2.h(23): warning C4099: 'ss::SsPartState': タイプ名は最初 'struct' として使われていましたが 'class' として使われています。
  c:\gitproject\colossusbreaker\source\ssplayer\common\animator\ssplayer_effect.h(19): note: 'ss::SsPartState' の宣言を確認してください
c:\gitproject\colossusbreaker\source\ssplayer\common\animator\ssplayer_effect2.h(25): warning C4099: 'ss::SsCell': タイプ名は最初 'struct' として使われていましたが 'class' として使われています。
  c:\gitproject\colossusbreaker\source\ssplayer\common\loader\../Animator/ssplayer_cellmap.h(13): note: 'ss::SsCell' の宣言を確認してください
c:\gitproject\colossusbreaker\source\ssplayer\../Quad/Quad.h : warning C4819: ファイルは、現在のコード ページ (932) で表示できない文字を含んでいます。データの損失を防ぐために、ファイルを Unicode 形式で保存してください。
c:\gitproject\colossusbreaker\source\camera\../Player/Player.h(17): warning C4244: 'return': 'float' から 'int' への変換です。データが失われる可能性があります。
c:\gitproject\colossusbreaker\source\enemy\../Camera/Camera.h(20): warning C4244: 'return': 'float' から 'int' への変換です。データが失われる可能性があります。
c:\gitproject\colossusbreaker\source\enemy\../Camera/Camera.h(21): warning C4244: 'return': 'float' から 'int' への変換です。データが失われる可能性があります。
source\Enemy\Bullet.cpp(31): warning C4244: '+=': 'float' から 'int' への変換です。データが失われる可能性があります。
source\Enemy\Bullet.cpp(32): warning C4244: '+=': 'float' から 'int' への変換です。データが失われる可能性があります。
  Enemy.cpp
c:\gitproject\colossusbreaker\source\ssplayer\common\loader\../Animator/ssplayer_cellmap.h(13): warning C4099: 'ss::SsCell': タイプ名は最初 'class' として使われていましたが 'struct' として使われています。
  c:\gitproject\colossusbreaker\source\ssplayer\common\loader\../Animator/ssplayer_cellmap.h(12): note: 'ss::SsCell' の宣言を確認してください
c:\gitproject\colossusbreaker\source\ssplayer\common\animator\ssplayer_effect.h(144): warning C4244: '=': 'double' から 'float' への変換です。データが失われる可能性があります。
c:\gitproject\colossusbreaker\source\ssplayer\common\animator\ssplayer_effect2.h(23): warning C4099: 'ss::SsPartState': タイプ名は最初 'struct' として使われていましたが 'class' として使われています。
  c:\gitproject\colossusbreaker\source\ssplayer\common\animator\ssplayer_effect.h(19): note: 'ss::SsPartState' の宣言を確認してください
c:\gitproject\colossusbreaker\source\ssplayer\common\animator\ssplayer_effect2.h(25): warning C4099: 'ss::SsCell': タイプ名は最初 'struct' として使われていましたが 'class' として使われています。
  c:\gitproject\colossusbreaker\source\ssplayer\common\loader\../Animator/ssplayer_cellmap.h(13): note: 'ss::SsCell' の宣言を確認してください
c:\gitproject\colossusbreaker\source\ssplayer\../Quad/Quad.h : warning C4819: ファイルは、現在のコード ページ (932) で表示できない文字を含んでいます。データの損失を防ぐために、ファイルを Unicode 形式で保存してください。
c:\gitproject\colossusbreaker\source\enemy\../Player/Player.h(17): warning C4244: 'return': 'float' から 'int' への変換です。データが失われる可能性があります。
c:\gitproject\colossusbreaker\source\enemy\../Camera/Camera.h(20): warning C4244: 'return': 'float' から 'int' への変換です。データが失われる可能性があります。
c:\gitproject\colossusbreaker\source\enemy\../Camera/Camera.h(21): warning C4244: 'return': 'float' から 'int' への変換です。データが失われる可能性があります。
source\Enemy\Enemy.cpp(74): warning C4244: '引数': 'float' から 'int' への変換です。データが失われる可能性があります。
source\Enemy\Enemy.cpp(76): warning C4244: '引数': 'float' から 'int' への変換です。データが失われる可能性があります。
source\Enemy\Enemy.cpp(89): warning C4244: '引数': 'float' から 'int' への変換です。データが失われる可能性があります。
source\Enemy\Enemy.cpp(91): warning C4244: '引数': 'float' から 'int' への変換です。データが失われる可能性があります。
  E0.cpp
c:\gitproject\colossusbreaker\source\ssplayer\common\loader\../Animator/ssplayer_cellmap.h(13): warning C4099: 'ss::SsCell': タイプ名は最初 'class' として使われていましたが 'struct' として使われています。
  c:\gitproject\colossusbreaker\source\ssplayer\common\loader\../Animator/ssplayer_cellmap.h(12): note: 'ss::SsCell' の宣言を確認してください
c:\gitproject\colossusbreaker\source\ssplayer\common\animator\ssplayer_effect.h(144): warning C4244: '=': 'double' から 'float' への変換です。データが失われる可能性があります。
c:\gitproject\colossusbreaker\source\ssplayer\common\animator\ssplayer_effect2.h(23): warning C4099: 'ss::SsPartState': タイプ名は最初 'struct' として使われていましたが 'class' として使われています。
  c:\gitproject\colossusbreaker\source\ssplayer\common\animator\ssplayer_effect.h(19): note: 'ss::SsPartState' の宣言を確認してください
c:\gitproject\colossusbreaker\source\ssplayer\common\animator\ssplayer_effect2.h(25): warning C4099: 'ss::SsCell': タイプ名は最初 'struct' として使われていましたが 'class' として使われています。
  c:\gitproject\colossusbreaker\source\ssplayer\common\loader\../Animator/ssplayer_cellmap.h(13): note: 'ss::SsCell' の宣言を確認してください
c:\gitproject\colossusbreaker\source\ssplayer\../Quad/Quad.h : warning C4819: ファイルは、現在のコード ページ (932) で表示できない文字を含んでいます。データの損失を防ぐために、ファイルを Unicode 形式で保存してください。
c:\gitproject\colossusbreaker\source\enemy\../Player/Player.h(17): warning C4244: 'return': 'float' から 'int' への変換です。データが失われる可能性があります。
c:\gitproject\colossusbreaker\source\enemy\enemys\../../Camera/Camera.h(20): warning C4244: 'return': 'float' から 'int' への変換です。データが失われる可能性があります。
c:\gitproject\colossusbreaker\source\enemy\enemys\../../Camera/Camera.h(21): warning C4244: 'return': 'float' から 'int' への変換です。データが失われる可能性があります。
source\Enemy\Enemys\E0.cpp(57): warning C4244: '引数': 'int' から 'float' への変換です。データが失われる可能性があります。
source\Enemy\Enemys\E0.cpp(120): warning C4244: '引数': 'float' から 'int' への変換です。データが失われる可能性があります。
source\Enemy\Enemys\E0.cpp(122): warning C4244: '引数': 'float' から 'int' への変換です。データが失われる可能性があります。
source\Enemy\Enemys\E0.cpp(125): warning C4244: '引数': 'float' から 'int' への変換です。データが失われる可能性があります。
  E1.cpp
c:\gitproject\colossusbreaker\source\ssplayer\common\loader\../Animator/ssplayer_cellmap.h(13): warning C4099: 'ss::SsCell': タイプ名は最初 'class' として使われていましたが 'struct' として使われています。
  c:\gitproject\colossusbreaker\source\ssplayer\common\loader\../Animator/ssplayer_cellmap.h(12): note: 'ss::SsCell' の宣言を確認してください
c:\gitproject\colossusbreaker\source\ssplayer\common\animator\ssplayer_effect.h(144): warning C4244: '=': 'double' から 'float' への変換です。データが失われる可能性があります。
c:\gitproject\colossusbreaker\source\ssplayer\common\animator\ssplayer_effect2.h(23): warning C4099: 'ss::SsPartState': タイプ名は最初 'struct' として使われていましたが 'class' として使われています。
  c:\gitproject\colossusbreaker\source\ssplayer\common\animator\ssplayer_effect.h(19): note: 'ss::SsPartState' の宣言を確認してください
c:\gitproject\colossusbreaker\source\ssplayer\common\animator\ssplayer_effect2.h(25): warning C4099: 'ss::SsCell': タイプ名は最初 'struct' として使われていましたが 'class' として使われています。
  c:\gitproject\colossusbreaker\source\ssplayer\common\loader\../Animator/ssplayer_cellmap.h(13): note: 'ss::SsCell' の宣言を確認してください
c:\gitproject\colossusbreaker\source\ssplayer\../Quad/Quad.h : warning C4819: ファイルは、現在のコード ページ (932) で表示できない文字を含んでいます。データの損失を防ぐために、ファイルを Unicode 形式で保存してください。
c:\gitproject\colossusbreaker\source\enemy\../Player/Player.h(17): warning C4244: 'return': 'float' から 'int' への変換です。データが失われる可能性があります。
c:\gitproject\colossusbreaker\source\enemy\enemys\../../Camera/Camera.h(20): warning C4244: 'return': 'float' から 'int' への変換です。データが失われる可能性があります。
c:\gitproject\colossusbreaker\source\enemy\enemys\../../Camera/Camera.h(21): warning C4244: 'return': 'float' から 'int' への変換です。データが失われる可能性があります。
source\Enemy\Enemys\E1.cpp(65): warning C4244: '引数': 'int' から 'float' への変換です。データが失われる可能性があります。
source\Enemy\Enemys\E1.cpp(149): warning C4244: '引数': 'float' から 'int' への変換です。データが失われる可能性があります。
source\Enemy\Enemys\E1.cpp(169): warning C4244: '引数': 'int' から 'float' への変換です。データが失われる可能性があります。
source\Enemy\Enemys\E1.cpp(233): warning C4244: '引数': 'float' から 'int' への変換です。データが失われる可能性があります。
source\Enemy\Enemys\E1.cpp(252): warning C4244: '引数': 'int' から 'float' への変換です。データが失われる可能性があります。
source\Enemy\Enemys\E1.cpp(298): warning C4244: '引数': 'int' から 'float' への変換です。データが失われる可能性があります。
source\Enemy\Enemys\E1.cpp(339): warning C4244: '引数': 'float' から 'int' への変換です。データが失われる可能性があります。
source\Enemy\Enemys\E1.cpp(372): warning C4244: '引数': 'float' から 'int' への変換です。データが失われる可能性があります。
  E2.cpp
c:\gitproject\colossusbreaker\source\ssplayer\common\loader\../Animator/ssplayer_cellmap.h(13): warning C4099: 'ss::SsCell': タイプ名は最初 'class' として使われていましたが 'struct' として使われています。
  c:\gitproject\colossusbreaker\source\ssplayer\common\loader\../Animator/ssplayer_cellmap.h(12): note: 'ss::SsCell' の宣言を確認してください
c:\gitproject\colossusbreaker\source\ssplayer\common\animator\ssplayer_effect.h(144): warning C4244: '=': 'double' から 'float' への変換です。データが失われる可能性があります。
c:\gitproject\colossusbreaker\source\ssplayer\common\animator\ssplayer_effect2.h(23): warning C4099: 'ss::SsPartState': タイプ名は最初 'struct' として使われていましたが 'class' として使われています。
  c:\gitproject\colossusbreaker\source\ssplayer\common\animator\ssplayer_effect.h(19): note: 'ss::SsPartState' の宣言を確認してください
c:\gitproject\colossusbreaker\source\ssplayer\common\animator\ssplayer_effect2.h(25): warning C4099: 'ss::SsCell': タイプ名は最初 'struct' として使われていましたが 'class' として使われています。
  c:\gitproject\colossusbreaker\source\ssplayer\common\loader\../Animator/ssplayer_cellmap.h(13): note: 'ss::SsCell' の宣言を確認してください
c:\gitproject\colossusbreaker\source\ssplayer\../Quad/Quad.h : warning C4819: ファイルは、現在のコード ページ (932) で表示できない文字を含んでいます。データの損失を防ぐために、ファイルを Unicode 形式で保存してください。
c:\gitproject\colossusbreaker\source\enemy\../Player/Player.h(17): warning C4244: 'return': 'float' から 'int' への変換です。データが失われる可能性があります。
c:\gitproject\colossusbreaker\source\enemy\enemys\../../Camera/Camera.h(20): warning C4244: 'return': 'float' から 'int' への変換です。データが失われる可能性があります。
c:\gitproject\colossusbreaker\source\enemy\enemys\../../Camera/Camera.h(21): warning C4244: 'return': 'float' から 'int' への変換です。データが失われる可能性があります。
source\Enemy\Enemys\E2.cpp(56): warning C4244: '引数': 'int' から 'float' への変換です。データが失われる可能性があります。
  HitBox.cpp
c:\gitproject\colossusbreaker\source\ssplayer\common\loader\../Animator/ssplayer_cellmap.h(13): warning C4099: 'ss::SsCell': タイプ名は最初 'class' として使われていましたが 'struct' として使われています。
  c:\gitproject\colossusbreaker\source\ssplayer\common\loader\../Animator/ssplayer_cellmap.h(12): note: 'ss::SsCell' の宣言を確認してください
c:\gitproject\colossusbreaker\source\ssplayer\common\animator\ssplayer_effect.h(144): warning C4244: '=': 'double' から 'float' への変換です。データが失われる可能性があります。
c:\gitproject\colossusbreaker\source\ssplayer\common\animator\ssplayer_effect2.h(23): warning C4099: 'ss::SsPartState': タイプ名は最初 'struct' として使われていましたが 'class' として使われています。
  c:\gitproject\colossusbreaker\source\ssplayer\common\animator\ssplayer_effect.h(19): note: 'ss::SsPartState' の宣言を確認してください
c:\gitproject\colossusbreaker\source\ssplayer\common\animator\ssplayer_effect2.h(25): warning C4099: 'ss::SsCell': タイプ名は最初 'struct' として使われていましたが 'class' として使われています。
  c:\gitproject\colossusbreaker\source\ssplayer\common\loader\../Animator/ssplayer_cellmap.h(13): note: 'ss::SsCell' の宣言を確認してください
c:\gitproject\colossusbreaker\source\ssplayer\../Quad/Quad.h : warning C4819: ファイルは、現在のコード ページ (932) で表示できない文字を含んでいます。データの損失を防ぐために、ファイルを Unicode 形式で保存してください。
c:\gitproject\colossusbreaker\source\camera\../Player/Player.h(17): warning C4244: 'return': 'float' から 'int' への変換です。データが失われる可能性があります。
c:\gitproject\colossusbreaker\source\hitbox\../Camera/Camera.h(20): warning C4244: 'return': 'float' から 'int' への変換です。データが失われる可能性があります。
c:\gitproject\colossusbreaker\source\hitbox\../Camera/Camera.h(21): warning C4244: 'return': 'float' から 'int' への変換です。データが失われる可能性があります。
  Player.cpp
c:\gitproject\colossusbreaker\source\ssplayer\common\loader\../Animator/ssplayer_cellmap.h(13): warning C4099: 'ss::SsCell': タイプ名は最初 'class' として使われていましたが 'struct' として使われています。
  c:\gitproject\colossusbreaker\source\ssplayer\common\loader\../Animator/ssplayer_cellmap.h(12): note: 'ss::SsCell' の宣言を確認してください
c:\gitproject\colossusbreaker\source\ssplayer\common\animator\ssplayer_effect.h(144): warning C4244: '=': 'double' から 'float' への変換です。データが失われる可能性があります。
c:\gitproject\colossusbreaker\source\ssplayer\common\animator\ssplayer_effect2.h(23): warning C4099: 'ss::SsPartState': タイプ名は最初 'struct' として使われていましたが 'class' として使われています。
  c:\gitproject\colossusbreaker\source\ssplayer\common\animator\ssplayer_effect.h(19): note: 'ss::SsPartState' の宣言を確認してください
c:\gitproject\colossusbreaker\source\ssplayer\common\animator\ssplayer_effect2.h(25): warning C4099: 'ss::SsCell': タイプ名は最初 'struct' として使われていましたが 'class' として使われています。
  c:\gitproject\colossusbreaker\source\ssplayer\common\loader\../Animator/ssplayer_cellmap.h(13): note: 'ss::SsCell' の宣言を確認してください
c:\gitproject\colossusbreaker\source\ssplayer\../Quad/Quad.h : warning C4819: ファイルは、現在のコード ページ (932) で表示できない文字を含んでいます。データの損失を防ぐために、ファイルを Unicode 形式で保存してください。
c:\gitproject\colossusbreaker\source\player\Player.h(17): warning C4244: 'return': 'float' から 'int' への変換です。データが失われる可能性があります。
c:\gitproject\colossusbreaker\source\player\../Camera/Camera.h(20): warning C4244: 'return': 'float' から 'int' への変換です。データが失われる可能性があります。
c:\gitproject\colossusbreaker\source\player\../Camera/Camera.h(21): warning C4244: 'return': 'float' から 'int' への変換です。データが失われる可能性があります。
source\Player\Player.cpp(150): warning C4244: '引数': 'int' から 'float' への変換です。データが失われる可能性があります。
source\Player\Player.cpp(71): warning C4101: 'mQuad': ローカル変数は 1 度も使われていません。
source\Player\Player.cpp(72): warning C4101: 'state': ローカル変数は 1 度も使われていません。
source\Player\Player.cpp(72): warning C4101: 'pState': ローカル変数は 1 度も使われていません。
source\Player\Player.cpp(182): warning C4244: '引数': 'float' から 'int' への変換です。データが失われる可能性があります。
source\Player\Player.cpp(188): warning C4244: '引数': 'double' から 'float' への変換です。データが失われる可能性があります。
source\Player\Player.cpp(190): warning C4244: '=': 'int' から 'float' への変換です。データが失われる可能性があります。
source\Player\Player.cpp(197): warning C4305: '引数': 'double' から 'float' へ切り詰めます。
source\Player\Player.cpp(197): warning C4244: '引数': 'double' から 'int' への変換です。データが失われる可能性があります。
source\Player\Player.cpp(209): warning C4244: '引数': 'float' から 'int' への変換です。データが失われる可能性があります。
source\Player\Player.cpp(215): warning C4244: '=': 'int' から 'float' への変換です。データが失われる可能性があります。
source\Player\Player.cpp(232): warning C4244: '引数': 'float' から 'int' への変換です。データが失われる可能性があります。
source\Player\Player.cpp(238): warning C4244: '=': 'int' から 'float' への変換です。データが失われる可能性があります。
source\Player\Player.cpp(254): warning C4244: '引数': 'double' から 'int' への変換です。データが失われる可能性があります。
source\Player\Player.cpp(286): warning C4244: '引数': 'float' から 'int' への変換です。データが失われる可能性があります。
source\Player\Player.cpp(288): warning C4244: '引数': 'float' から 'int' への変換です。データが失われる可能性があります。
source\Player\Player.cpp(302): warning C4244: '引数': 'float' から 'int' への変換です。データが失われる可能性があります。
source\Player\Player.cpp(304): warning C4244: '引数': 'float' から 'int' への変換です。データが失われる可能性があります。
source\Player\Player.cpp(317): warning C4244: '引数': 'double' から 'int' への変換です。データが失われる可能性があります。
source\Player\Player.cpp(321): warning C4244: '引数': 'double' から 'int' への変換です。データが失われる可能性があります。
source\Player\Player.cpp(335): warning C4244: '引数': 'float' から 'int' への変換です。データが失われる可能性があります。
source\Player\Player.cpp(350): warning C4244: '引数': 'float' から 'int' への変換です。データが失われる可能性があります。
source\Player\Player.cpp(352): warning C4244: '引数': 'float' から 'int' への変換です。データが失われる可能性があります。
source\Player\Player.cpp(365): warning C4244: '引数': 'double' から 'int' への変換です。データが失われる可能性があります。
source\Player\Player.cpp(369): warning C4244: '引数': 'double' から 'int' への変換です。データが失われる可能性があります。
source\Player\Player.cpp(383): warning C4244: '引数': 'float' から 'int' への変換です。データが失われる可能性があります。
source\Player\Player.cpp(412): warning C4244: '引数': 'float' から 'int' への変換です。データが失われる可能性があります。
source\Player\Player.cpp(425): warning C4244: '引数': 'float' から 'int' への変換です。データが失われる可能性があります。
source\Player\Player.cpp(427): warning C4244: '引数': 'float' から 'int' への変換です。データが失われる可能性があります。
source\Player\Player.cpp(403): warning C4101: 'state': ローカル変数は 1 度も使われていません。
source\Player\Player.cpp(611): warning C4244: '引数': 'float' から 'int' への変換です。データが失われる可能性があります。
source\Player\Player.cpp(614): warning C4244: '引数': 'float' から 'int' への変換です。データが失われる可能性があります。
source\Player\Player.cpp(618): warning C4244: '=': 'float' から 'int' への変換です。データが失われる可能性があります。
source\Player\Player.cpp(632): warning C4244: '引数': 'float' から 'int' への変換です。データが失われる可能性があります。
source\Player\Player.cpp(642): warning C4244: '引数': 'float' から 'int' への変換です。データが失われる可能性があります。
source\Player\Player.cpp(642): warning C4244: '引数': 'double' から 'int' への変換です。データが失われる可能性があります。
source\Player\Player.cpp(645): warning C4244: '引数': 'float' から 'int' への変換です。データが失われる可能性があります。
source\Player\Player.cpp(645): warning C4244: '引数': 'double' から 'int' への変換です。データが失われる可能性があります。
source\Player\Player.cpp(649): warning C4244: '=': 'float' から 'int' への変換です。データが失われる可能性があります。
source\Player\Player.cpp(662): warning C4244: '引数': 'float' から 'int' への変換です。データが失われる可能性があります。
source\Player\Player.cpp(663): warning C4244: '引数': 'float' から 'int' への変換です。データが失われる可能性があります。
source\Player\Player.cpp(674): warning C4244: '引数': 'float' から 'int' への変換です。データが失われる可能性があります。
source\Player\Player.cpp(674): warning C4244: '引数': 'double' から 'int' への変換です。データが失われる可能性があります。
source\Player\Player.cpp(677): warning C4244: '引数': 'float' から 'int' への変換です。データが失われる可能性があります。
source\Player\Player.cpp(677): warning C4244: '引数': 'double' から 'int' への変換です。データが失われる可能性があります。
source\Player\Player.cpp(681): warning C4244: '=': 'float' から 'int' への変換です。データが失われる可能性があります。
source\Player\Player.cpp(694): warning C4244: '引数': 'float' から 'int' への変換です。データが失われる可能性があります。
source\Player\Player.cpp(695): warning C4244: '引数': 'float' から 'int' への変換です。データが失われる可能性があります。
source\Player\Player.cpp(705): warning C4244: '引数': 'float' から 'int' への変換です。データが失われる可能性があります。
source\Player\Player.cpp(709): warning C4244: '引数': 'float' から 'int' への変換です。データが失われる可能性があります。
source\Player\Player.cpp(710): warning C4244: '引数': 'float' から 'int' への変換です。データが失われる可能性があります。
source\Player\Player.cpp(715): warning C4244: '引数': 'float' から 'int' への変換です。データが失われる可能性があります。
source\Player\Player.cpp(716): warning C4244: '引数': 'float' から 'int' への変換です。データが失われる可能性があります。
source\Player\Player.cpp(717): warning C4244: '引数': 'float' から 'int' への変換です。データが失われる可能性があります。
  BattleScene.cpp
c:\gitproject\colossusbreaker\source\ssplayer\common\loader\../Animator/ssplayer_cellmap.h(13): warning C4099: 'ss::SsCell': タイプ名は最初 'class' として使われていましたが 'struct' として使われています。
  c:\gitproject\colossusbreaker\source\ssplayer\common\loader\../Animator/ssplayer_cellmap.h(12): note: 'ss::SsCell' の宣言を確認してください
c:\gitproject\colossusbreaker\source\ssplayer\common\animator\ssplayer_effect.h(144): warning C4244: '=': 'double' から 'float' への変換です。データが失われる可能性があります。
c:\gitproject\colossusbreaker\source\ssplayer\common\animator\ssplayer_effect2.h(23): warning C4099: 'ss::SsPartState': タイプ名は最初 'struct' として使われていましたが 'class' として使われています。
  c:\gitproject\colossusbreaker\source\ssplayer\common\animator\ssplayer_effect.h(19): note: 'ss::SsPartState' の宣言を確認してください
c:\gitproject\colossusbreaker\source\ssplayer\common\animator\ssplayer_effect2.h(25): warning C4099: 'ss::SsCell': タイプ名は最初 'struct' として使われていましたが 'class' として使われています。
  c:\gitproject\colossusbreaker\source\ssplayer\common\loader\../Animator/ssplayer_cellmap.h(13): note: 'ss::SsCell' の宣言を確認してください
c:\gitproject\colossusbreaker\source\ssplayer\../Quad/Quad.h : warning C4819: ファイルは、現在のコード ページ (932) で表示できない文字を含んでいます。データの損失を防ぐために、ファイルを Unicode 形式で保存してください。
c:\gitproject\colossusbreaker\source\scene\../Player/Player.h(17): warning C4244: 'return': 'float' から 'int' への変換です。データが失われる可能性があります。
c:\gitproject\colossusbreaker\source\scene\../Camera/Camera.h(20): warning C4244: 'return': 'float' から 'int' への変換です。データが失われる可能性があります。
c:\gitproject\colossusbreaker\source\scene\../Camera/Camera.h(21): warning C4244: 'return': 'float' から 'int' への変換です。データが失われる可能性があります。
  NovelScene.cpp
c:\gitproject\colossusbreaker\source\ssplayer\common\loader\../Animator/ssplayer_cellmap.h(13): warning C4099: 'ss::SsCell': タイプ名は最初 'class' として使われていましたが 'struct' として使われています。
  c:\gitproject\colossusbreaker\source\ssplayer\common\loader\../Animator/ssplayer_cellmap.h(12): note: 'ss::SsCell' の宣言を確認してください
c:\gitproject\colossusbreaker\source\ssplayer\common\animator\ssplayer_effect.h(144): warning C4244: '=': 'double' から 'float' への変換です。データが失われる可能性があります。
c:\gitproject\colossusbreaker\source\ssplayer\common\animator\ssplayer_effect2.h(23): warning C4099: 'ss::SsPartState': タイプ名は最初 'struct' として使われていましたが 'class' として使われています。
  c:\gitproject\colossusbreaker\source\ssplayer\common\animator\ssplayer_effect.h(19): note: 'ss::SsPartState' の宣言を確認してください
c:\gitproject\colossusbreaker\source\ssplayer\common\animator\ssplayer_effect2.h(25): warning C4099: 'ss::SsCell': タイプ名は最初 'struct' として使われていましたが 'class' として使われています。
  c:\gitproject\colossusbreaker\source\ssplayer\common\loader\../Animator/ssplayer_cellmap.h(13): note: 'ss::SsCell' の宣言を確認してください
c:\gitproject\colossusbreaker\source\ssplayer\../Quad/Quad.h : warning C4819: ファイルは、現在のコード ページ (932) で表示できない文字を含んでいます。データの損失を防ぐために、ファイルを Unicode 形式で保存してください。
c:\gitproject\colossusbreaker\source\scene\../Player/Player.h(17): warning C4244: 'return': 'float' から 'int' への変換です。データが失われる可能性があります。
  TitleScene.cpp
c:\gitproject\colossusbreaker\source\ssplayer\common\loader\../Animator/ssplayer_cellmap.h(13): warning C4099: 'ss::SsCell': タイプ名は最初 'class' として使われていましたが 'struct' として使われています。
  c:\gitproject\colossusbreaker\source\ssplayer\common\loader\../Animator/ssplayer_cellmap.h(12): note: 'ss::SsCell' の宣言を確認してください
c:\gitproject\colossusbreaker\source\ssplayer\common\animator\ssplayer_effect.h(144): warning C4244: '=': 'double' から 'float' への変換です。データが失われる可能性があります。
c:\gitproject\colossusbreaker\source\ssplayer\common\animator\ssplayer_effect2.h(23): warning C4099: 'ss::SsPartState': タイプ名は最初 'struct' として使われていましたが 'class' として使われています。
  c:\gitproject\colossusbreaker\source\ssplayer\common\animator\ssplayer_effect.h(19): note: 'ss::SsPartState' の宣言を確認してください
c:\gitproject\colossusbreaker\source\ssplayer\common\animator\ssplayer_effect2.h(25): warning C4099: 'ss::SsCell': タイプ名は最初 'struct' として使われていましたが 'class' として使われています。
  c:\gitproject\colossusbreaker\source\ssplayer\common\loader\../Animator/ssplayer_cellmap.h(13): note: 'ss::SsCell' の宣言を確認してください
c:\gitproject\colossusbreaker\source\ssplayer\../Quad/Quad.h : warning C4819: ファイルは、現在のコード ページ (932) で表示できない文字を含んでいます。データの損失を防ぐために、ファイルを Unicode 形式で保存してください。
c:\gitproject\colossusbreaker\source\scene\../Player/Player.h(17): warning C4244: 'return': 'float' から 'int' への変換です。データが失われる可能性があります。
  main.cpp
c:\gitproject\colossusbreaker\source\ssplayer\common\loader\../Animator/ssplayer_cellmap.h(13): warning C4099: 'ss::SsCell': タイプ名は最初 'class' として使われていましたが 'struct' として使われています。
  c:\gitproject\colossusbreaker\source\ssplayer\common\loader\../Animator/ssplayer_cellmap.h(12): note: 'ss::SsCell' の宣言を確認してください
c:\gitproject\colossusbreaker\source\ssplayer\common\animator\ssplayer_effect.h(144): warning C4244: '=': 'double' から 'float' への変換です。データが失われる可能性があります。
c:\gitproject\colossusbreaker\source\ssplayer\common\animator\ssplayer_effect2.h(23): warning C4099: 'ss::SsPartState': タイプ名は最初 'struct' として使われていましたが 'class' として使われています。
  c:\gitproject\colossusbreaker\source\ssplayer\common\animator\ssplayer_effect.h(19): note: 'ss::SsPartState' の宣言を確認してください
c:\gitproject\colossusbreaker\source\ssplayer\common\animator\ssplayer_effect2.h(25): warning C4099: 'ss::SsCell': タイプ名は最初 'struct' として使われていましたが 'class' として使われています。
  c:\gitproject\colossusbreaker\source\ssplayer\common\loader\../Animator/ssplayer_cellmap.h(13): note: 'ss::SsCell' の宣言を確認してください
c:\gitproject\colossusbreaker\source\ssplayer\../Quad/Quad.h : warning C4819: ファイルは、現在のコード ページ (932) で表示できない文字を含んでいます。データの損失を防ぐために、ファイルを Unicode 形式で保存してください。
c:\gitproject\colossusbreaker\source\scene\../Player/Player.h(17): warning C4244: 'return': 'float' から 'int' への変換です。データが失われる可能性があります。
  コード生成しています。
  21 of 2913 functions ( 0.7%) were compiled, the rest were copied from previous compilation.
    0 functions were new in current compilation
    3 functions had inline decision re-evaluated but remain unchanged
  コード生成が終了しました。
  AncientGear.vcxproj -> C:\GitProject\ColossusBreaker\Release\AncientGear.exe
